#
# $static-counts
#
#     opcode       count-unpredicated    count-predicated
#
   5 ADC                           16                0
   8 ADD                         7395                0
  11 ADDSD                          4                0
  12 ADDSS                         14                0
  15 ADD_LOCK                      14                0
  31 AND                         2937                0
  34 ANDNPS                         1                0
  35 ANDPD                         10                0
  36 ANDPS                          3                0
  37 AND_LOCK                      11                0
  63 BSF                            4                0
  64 BSR                            8                0
  65 BSWAP                         64                0
  66 BT                            34                0
  72 BTS_LOCK                       1                0
  75 CALL_NEAR                  11473                0
  77 CDQ                           15                0
  78 CDQE                         322                0
  81 CLD                            2                0
 109 CMP                        13418                0
 118 CMPXCHG                      235                0
 123 CMPXCHG_LOCK                 433                0
 126 CPUID                          8                0
 127 CQO                            6                0
 141 CVTSI2SD                       4                0
 142 CVTSI2SS                      23                0
 143 CVTSS2SD                       1                0
 150 CVTTSS2SI                      9                0
 152 CWDE                           1                0
 155 DEC                          308                0
 156 DEC_LOCK                     349                0
 157 DIV                           76                0
 160 DIVSD                          4                0
 161 DIVSS                          3                0
 178 FABS                           6                0
 179 FADD                           7                0
 183 FCHS                           6                0
 200 FDIV                           1                0
 201 FDIVP                          4                0
 203 FDIVRP                         1                0
 213 FILD                           8                0
 217 FISTP                          2                0
 221 FLD                           86                0
 222 FLD1                           5                0
 223 FLDCW                          4                0
 224 FLDENV                         3                0
 230 FLDZ                           8                0
 231 FMUL                          11                0
 232 FMULP                          3                0
 237 FNSTCW                         4                0
 238 FNSTENV                        2                0
 239 FNSTSW                         6                0
 252 FSTP                         119                0
 255 FSUBP                          1                0
 256 FSUBR                          1                0
 257 FSUBRP                         2                0
 260 FUCOMI                        15                0
 261 FUCOMIP                       16                0
 265 FXAM                           6                0
 266 FXCH                          28                0
 280 HLT                            5                0
 284 IDIV                          20                0
 285 IMUL                         296                0
 287 INC                           15                0
 290 INC_LOCK                       7                0
 310 JB                           444                0
 311 JBE                          955                0
 314 JL                           136                0
 315 JLE                          525                0
 316 JMP                        10519                0
 318 JNB                          792                0
 319 JNBE                        1576                0
 320 JNL                           73                0
 321 JNLE                         344                0
 322 JNO                            4                0
 324 JNS                          184                0
 325 JNZ                         8423                0
 326 JO                            34                0
 327 JP                            13                0
 329 JS                           622                0
 330 JZ                         11848                0
 385 LDMXCSR                        2                0
 388 LEA                        13258                0
 389 LEAVE                          4                0
 391 LFENCE                         3                0
 407 LSL                            1                0
 420 MFENCE                         7                0
 427 MOV                        72571                0
 428 MOVAPD                        22                0
 429 MOVAPS                       638                0
 431 MOVD                          71                0
 436 MOVDQA                       359                0
 437 MOVDQU                       318                0
 440 MOVHPS                        42                0
 444 MOVMSKPD                       5                0
 445 MOVMSKPS                       3                0
 446 MOVNTDQ                        8                0
 454 MOVQ                          67                0
 456 MOVSB                          2                0
 458 MOVSD_XMM                     59                0
 462 MOVSS                         23                0
 464 MOVSX                        507                0
 465 MOVSXD                      1124                0
 467 MOVUPS                       549                0
 468 MOVZX                       3030                0
 472 MUL                          136                0
 475 MULSD                         11                0
 476 MULSS                         11                0
 480 NEG                          645                0
 482 NOP                         8572                0
 491 NOT                          130                0
 493 OR                          1519                0
 494 ORPD                           1                0
 495 ORPS                           1                0
 496 OR_LOCK                       13                0
 508 PADDB                          1                0
 509 PADDD                         18                0
 510 PADDQ                         13                0
 517 PAND                          11                0
 519 PAUSE                          6                0
 526 PCMPEQB                        1                0
 527 PCMPEQD                       90                0
 535 PCMPGTD                        1                0
 547 PEXTRW                         3                0
 580 PINSRW                         1                0
 595 PMOVMSKB                      45                0
 616 POP                         6613                0
 623 POR                            8                0
 625 PREFETCHT0                     4                0
 634 PSHUFD                         6                0
 643 PSLLQ                          2                0
 649 PSRLDQ                         1                0
 652 PSUBB                         41                0
 654 PSUBQ                          1                0
 657 PSUBUSB                        1                0
 663 PUNPCKHBW                      1                0
 664 PUNPCKHDQ                      5                0
 666 PUNPCKHWD                      2                0
 667 PUNPCKLBW                      3                0
 668 PUNPCKLDQ                      5                0
 669 PUNPCKLQDQ                     7                0
 670 PUNPCKLWD                      4                0
 671 PUSH                        6428                0
 678 PXOR                         117                0
 686 RDPID                          1                0
 687 RDPKRU                         2                0
 694 RDTSC                         24                0
 695 RDTSCP                         6                0
 740 RET_NEAR                    3640                0
 743 ROL                          240                0
 744 ROR                          270                0
 756 SAR                          403                0
 759 SBB                          277                0
 770 SETB                          18                0
 771 SETBE                         21                0
 772 SETL                           9                0
 773 SETLE                         12                0
 774 SETNB                         67                0
 775 SETNBE                        94                0
 776 SETNL                         13                0
 777 SETNLE                        43                0
 781 SETNZ                        248                0
 782 SETO                           5                0
 783 SETP                           5                0
 786 SETZ                         493                0
 787 SFENCE                         2                0
 796 SHL                          640                0
 799 SHR                          950                0
 800 SHRD                           1                0
 802 SHUFPD                        50                0
 803 SHUFPS                         2                0
 815 STD                            1                0
 818 STMXCSR                        2                0
 826 SUB                         5538                0
 829 SUBSD                          2                0
 830 SUBSS                          5                0
 831 SUB_LOCK                       3                0
 833 SYSCALL                      575                0
 847 TEST                       10959                0
 858 UCOMISD                       28                0
 859 UCOMISS                       22                0
 862 UD2                            3                0
1710 WRPKRU                         1                0
1715 XABORT                         4                0
1717 XADD_LOCK                     27                0
1718 XBEGIN                         3                0
1719 XCHG                          21                0
1720 XEND                           1                0
1723 XOR                         8120                0
1724 XORPD                          6                0
1725 XORPS                          1                0
3000 *total                    224405                0
3001 *mem-atomic                  878                0
3002 *stack-read                22592               38
3003 *stack-write               28512                0
3004 *iprel-read                 6194                3
3005 *iprel-write                1996                0
3007 *mem-read-1                 4185              123
3008 *mem-read-2                  470                0
3010 *mem-read-4                10213               42
3014 *mem-read-8                31654               34
3016 *mem-read-10                  46                0
3022 *mem-read-16                 714                0
3034 *mem-read-28                   3                0
3070 *mem-read-64                   4                0
3519 *mem-write-1                2245                8
3520 *mem-write-2                 313                0
3522 *mem-write-4                7714                3
3526 *mem-write-8               29234               49
3528 *mem-write-10                 36                0
3534 *mem-write-16               1167                0
3546 *mem-write-28                  2                0

#
# $dynamic-counts
#
#     opcode       count-unpredicated    count-predicated
#
   8 ADD                        52296                0
  31 AND                        17758                0
  63 BSF                         1802                0
  64 BSR                            4                0
  66 BT                           682                0
  75 CALL_NEAR                   6989                0
  78 CDQE                          10                0
  93 CMOVB                          0               86
  94 CMOVBE                         0               60
  95 CMOVL                          0                2
  97 CMOVNB                         0               10
  98 CMOVNBE                        0              180
 104 CMOVNZ                         0              658
 107 CMOVS                          0                1
 108 CMOVZ                          0             1728
 109 CMP                        68938                0
 118 CMPXCHG                       78                0
 123 CMPXCHG_LOCK                  13                0
 126 CPUID                         29                0
 127 CQO                            3                0
 155 DEC                           77                0
 156 DEC_LOCK                       3                0
 157 DIV                         1841                0
 284 IDIV                           3                0
 285 IMUL                        1338                0
 287 INC                            2                0
 310 JB                          5188                0
 311 JBE                         6652                0
 314 JL                          1236                0
 315 JLE                         3326                0
 316 JMP                        14518                0
 318 JNB                         4811                0
 319 JNBE                        7970                0
 320 JNL                          127                0
 321 JNLE                         347                0
 324 JNS                         1087                0
 325 JNZ                        37630                0
 326 JO                             3                0
 329 JS                            87                0
 330 JZ                         53448                0
 388 LEA                        29060                0
 389 LEAVE                          5                0
 427 MOV                       194078                0
 429 MOVAPS                       742                0
 431 MOVD                         132                0
 436 MOVDQA                      2013                0
 437 MOVDQU                       557                0
 439 MOVHPD                      2584                0
 440 MOVHPS                       289                0
 442 MOVLPD                      2584                0
 454 MOVQ                         307                0
 464 MOVSX                        365                0
 465 MOVSXD                      6062                0
 467 MOVUPS                       236                0
 468 MOVZX                      26500                0
 472 MUL                            4                0
 480 NEG                          137                0
 482 NOP                         2919                0
 491 NOT                           20                0
 493 OR                          1195                0
 509 PADDD                         62                0
 510 PADDQ                        125                0
 526 PCMPEQB                     4162                0
 527 PCMPEQD                        1                0
 535 PCMPGTD                       31                0
 592 PMINUB                       156                0
 595 PMOVMSKB                    2075                0
 616 POP                        15850                0
 623 POR                          254                0
 634 PSHUFD                       130                0
 641 PSLLD                         31                0
 642 PSLLDQ                       449                0
 643 PSLLQ                         62                0
 649 PSRLDQ                       136                0
 652 PSUBB                       1813                0
 664 PUNPCKHDQ                     31                0
 665 PUNPCKHQDQ                    62                0
 667 PUNPCKLBW                    130                0
 668 PUNPCKLDQ                     31                0
 669 PUNPCKLQDQ                    66                0
 670 PUNPCKLWD                    130                0
 671 PUSH                       17789                0
 678 PXOR                        2444                0
 694 RDTSC                          9                0
 740 RET_NEAR                    6985                0
 743 ROL                          112                0
 744 ROR                           20                0
 756 SAR                         1698                0
 759 SBB                            8                0
 770 SETB                         216                0
 771 SETBE                        284                0
 775 SETNBE                       178                0
 777 SETNLE                         1                0
 781 SETNZ                       2694                0
 786 SETZ                        1459                0
 796 SHL                         4646                0
 799 SHR                         8316                0
 821 STOSQ                          0             1862
 826 SUB                        14307                0
 833 SYSCALL                      104                0
 847 TEST                       53211                0
 856 TZCNT                        428                0
1227 VMOVD                         60                0
1229 VMOVDQA                        1                0
1232 VMOVDQU                      222                0
1312 VPBROADCASTB                  62                0
1322 VPCMPEQB                     520                0
1468 VPMOVMSKB                    515                0
1512 VPOR                           5                0
1608 VPXOR                        386                0
1704 VZEROUPPER                   444                0
1719 XCHG                         588                0
1721 XGETBV                         1                0
1723 XOR                        11719                0
1728 XRSTOR                        16                0
1734 XSAVEC                        16                0
3000 *total                    713336             4587
3001 *mem-atomic                   19                0
3002 *stack-read                70635                0
3003 *stack-write               56824                0
3004 *iprel-read                 9749                0
3005 *iprel-write                 892                0
3007 *mem-read-1                35206                0
3008 *mem-read-2                 5192                0
3010 *mem-read-4                27252                0
3014 *mem-read-8               109073                0
3022 *mem-read-16                1821                0
3038 *mem-read-32                 517                0
3519 *mem-write-1                2965                0
3520 *mem-write-2                 113                0
3522 *mem-write-4                6759                0
3526 *mem-write-8               59870                0
3534 *mem-write-16               1592                0
3550 *mem-write-32                  4                0
3582 *mem-write-64                 16                0
4094 LAST                          16                0
# $eof
